<?xml version="1.0" encoding="UTF-8"?>
<testsuites>
  <testsuite name="scenarios/sample" tests="1" failures="0" errors="0" skipped="0">
    <testcase classname="scenarios/sample" name="Test1"/>
  </testsuite>
</testsuites>